<?xml version="1.0" encoding="UTF-8"?>
<testsuites name="Mocha Tests" time="18.406" tests="7" failures="0">
  <testsuite name="Root Suite" timestamp="2023-03-09T08:39:41" tests="0" file="cypress\integration\examples\sampletestcases.js" time="0.000" failures="0">
  </testsuite>
  <testsuite name="Test Suite: Cypress Baseline Framework 2" timestamp="2023-03-09T08:39:41" tests="7" time="18.392" failures="0">
    <testcase name="Test Suite: Cypress Baseline Framework 2 Fill the form using hard coded data" time="2.771" classname="Fill the form using hard coded data">
    </testcase>
    <testcase name="Test Suite: Cypress Baseline Framework 2 Fill the form using test data from Json file" time="1.619" classname="Fill the form using test data from Json file">
    </testcase>
    <testcase name="Test Suite: Cypress Baseline Framework 2 Validate text box value" time="2.541" classname="Validate text box value">
    </testcase>
    <testcase name="Test Suite: Cypress Baseline Framework 2 Mobile shopping using JSON data" time="1.936" classname="Mobile shopping using JSON data">
    </testcase>
    <testcase name="Test Suite: Cypress Baseline Framework 2 Mobile shopping using parameterized method" time="0.564" classname="Mobile shopping using parameterized method">
    </testcase>
    <testcase name="Test Suite: Cypress Baseline Framework 2 parameterized Test case sample 1" time="6.333" classname="parameterized Test case sample 1">
    </testcase>
    <testcase name="Test Suite: Cypress Baseline Framework 2 This is Failed Testcase example" time="0.593" classname="This is Failed Testcase example">
    </testcase>
  </testsuite>
</testsuites>