<?xml version="1.0" encoding="UTF-8"?>
<testsuites name="Mocha Tests" time="16.108" tests="7" failures="0">
  <testsuite name="Root Suite" timestamp="2023-03-09T08:44:00" tests="0" file="cypress\integration\examples\sampletestcases.js" time="0.000" failures="0">
  </testsuite>
  <testsuite name="Test Suite: Cypress Baseline Framework 2" timestamp="2023-03-09T08:44:00" tests="7" time="16.094" failures="0">
    <testcase name="Test Suite: Cypress Baseline Framework 2 Fill the form using hard coded data" time="1.958" classname="Fill the form using hard coded data">
    </testcase>
    <testcase name="Test Suite: Cypress Baseline Framework 2 Fill the form using test data from Json file" time="1.574" classname="Fill the form using test data from Json file">
    </testcase>
    <testcase name="Test Suite: Cypress Baseline Framework 2 Validate text box value" time="2.458" classname="Validate text box value">
    </testcase>
    <testcase name="Test Suite: Cypress Baseline Framework 2 Mobile shopping using JSON data" time="1.593" classname="Mobile shopping using JSON data">
    </testcase>
    <testcase name="Test Suite: Cypress Baseline Framework 2 Mobile shopping using parameterized method" time="0.524" classname="Mobile shopping using parameterized method">
    </testcase>
    <testcase name="Test Suite: Cypress Baseline Framework 2 parameterized Test case sample 1" time="6.339" classname="parameterized Test case sample 1">
    </testcase>
    <testcase name="Test Suite: Cypress Baseline Framework 2 This is Failed Testcase example" time="0.203" classname="This is Failed Testcase example">
    </testcase>
  </testsuite>
</testsuites>