{
  "stats": {
    "suites": 1,
    "tests": 11,
    "passes": 11,
    "pending": 0,
    "failures": 0,
    "start": "2023-03-09T08:54:56.642Z",
    "end": "2023-03-09T08:55:22.840Z",
    "duration": 26198,
    "testsRegistered": 11,
    "passPercent": 100,
    "pendingPercent": 0,
    "other": 0,
    "hasOther": false,
    "skipped": 0,
    "hasSkipped": false
  },
  "results": [
    {
      "uuid": "16ee14ca-685d-400e-9c92-d8853290cfa5",
      "title": "",
      "fullFile": "cypress\\integration\\examples\\testcase.js",
      "file": "cypress\\integration\\examples\\testcase.js",
      "beforeHooks": [],
      "afterHooks": [],
      "tests": [],
      "suites": [
        {
          "uuid": "4dd9cd90-fae0-4918-b723-316de5e4fedf",
          "title": "Test Suite: Cypress Baseline Framework 1",
          "fullFile": "",
          "file": "",
          "beforeHooks": [],
          "afterHooks": [],
          "tests": [
            {
              "title": "This is a sample test case 1",
              "fullTitle": "Test Suite: Cypress Baseline Framework 1 This is a sample test case 1",
              "timedOut": null,
              "duration": 1286,
              "state": "passed",
              "speed": "fast",
              "pass": true,
              "fail": false,
              "pending": false,
              "context": null,
              "code": "expect(true).to.equal(true);",
              "err": {},
              "uuid": "85dd3acc-1c85-4644-80ba-129a1f6ee4a9",
              "parentUUID": "4dd9cd90-fae0-4918-b723-316de5e4fedf",
              "isHook": false,
              "skipped": false
            },
            {
              "title": "This is a sample test case 2",
              "fullTitle": "Test Suite: Cypress Baseline Framework 1 This is a sample test case 2",
              "timedOut": null,
              "duration": 113,
              "state": "passed",
              "speed": "fast",
              "pass": true,
              "fail": false,
              "pending": false,
              "context": null,
              "code": "expect(true).to.equal(true);",
              "err": {},
              "uuid": "6d9a8bf0-5042-4d55-b2c7-5b798f629845",
              "parentUUID": "4dd9cd90-fae0-4918-b723-316de5e4fedf",
              "isHook": false,
              "skipped": false
            },
            {
              "title": "This is a sample test case 3",
              "fullTitle": "Test Suite: Cypress Baseline Framework 1 This is a sample test case 3",
              "timedOut": null,
              "duration": 124,
              "state": "passed",
              "speed": "fast",
              "pass": true,
              "fail": false,
              "pending": false,
              "context": null,
              "code": "expect(true).to.equal(true);",
              "err": {},
              "uuid": "e9f66c80-cc16-499b-9b02-b29a6ae0a95a",
              "parentUUID": "4dd9cd90-fae0-4918-b723-316de5e4fedf",
              "isHook": false,
              "skipped": false
            },
            {
              "title": "This is a sample test case 4",
              "fullTitle": "Test Suite: Cypress Baseline Framework 1 This is a sample test case 4",
              "timedOut": null,
              "duration": 784,
              "state": "passed",
              "speed": "fast",
              "pass": true,
              "fail": false,
              "pending": false,
              "context": null,
              "code": "//cy.visit('https://rahulshettyacademy.com/seleniumPractise/#/')\ncy.get('.search-keyword').type('Brocolli');\ncy.get('.search-button').click();\ncy.get(':nth-child(1) > .stepper-input > .increment').click();\ncy.get('.product-action > button').click();",
              "err": {},
              "uuid": "1c639f89-e4bc-4b7e-826c-3dd9db52bc7f",
              "parentUUID": "4dd9cd90-fae0-4918-b723-316de5e4fedf",
              "isHook": false,
              "skipped": false
            },
            {
              "title": "Validate product count",
              "fullTitle": "Test Suite: Cypress Baseline Framework 1 Validate product count",
              "timedOut": null,
              "duration": 2439,
              "state": "passed",
              "speed": "fast",
              "pass": true,
              "fail": false,
              "pending": false,
              "context": null,
              "code": "//cy.visit('https://rahulshettyacademy.com/seleniumPractise/#/')\ncy.get('.search-keyword').type('ca');\ncy.get('.search-button').click();\ncy.wait(2000);\ncy.get('.product:visible').should('have.length', 4);",
              "err": {},
              "uuid": "601aa55e-5eb7-4b0f-a955-cb132159d386",
              "parentUUID": "4dd9cd90-fae0-4918-b723-316de5e4fedf",
              "isHook": false,
              "skipped": false
            },
            {
              "title": "Validate product count",
              "fullTitle": "Test Suite: Cypress Baseline Framework 1 Validate product count",
              "timedOut": null,
              "duration": 2453,
              "state": "passed",
              "speed": "fast",
              "pass": true,
              "fail": false,
              "pending": false,
              "context": null,
              "code": "//cy.visit('https://rahulshettyacademy.com/seleniumPractise/#/')\ncy.get('.search-keyword').type('ca');\ncy.get('.search-button').click();\ncy.wait(2000);\n//  cy.get('.product:visible').should('have.length',4)\ncy.get('.products').find('.product').should('have.length', 4);",
              "err": {},
              "uuid": "072f3762-b471-43b4-b9c0-e91268223d9b",
              "parentUUID": "4dd9cd90-fae0-4918-b723-316de5e4fedf",
              "isHook": false,
              "skipped": false
            },
            {
              "title": "Click on Add to Cart",
              "fullTitle": "Test Suite: Cypress Baseline Framework 1 Click on Add to Cart",
              "timedOut": null,
              "duration": 2927,
              "state": "passed",
              "speed": "fast",
              "pass": true,
              "fail": false,
              "pending": false,
              "context": null,
              "code": "//cy.visit('https://rahulshettyacademy.com/seleniumPractise/#/')\ncy.get('.search-keyword').type('ca');\ncy.get('.search-button').click();\ncy.wait(2000);\n//  Use of cy.get and find functions\ncy.get('.products').find('.product').should('have.length', 4);\ncy.get('.products').find('.product').eq(0).contains('ADD TO CART').click();\ncy.get('.products').find('.product').eq(1).contains('ADD TO CART').click();\ncy.get('.products').find('.product').eq(2).contains('ADD TO CART').click();\ncy.get('.products').find('.product').eq(3).contains('ADD TO CART').click();",
              "err": {},
              "uuid": "e922342e-ae32-4666-a283-2cd3867217df",
              "parentUUID": "4dd9cd90-fae0-4918-b723-316de5e4fedf",
              "isHook": false,
              "skipped": false
            },
            {
              "title": "Add product to Cart",
              "fullTitle": "Test Suite: Cypress Baseline Framework 1 Add product to Cart",
              "timedOut": null,
              "duration": 2616,
              "state": "passed",
              "speed": "fast",
              "pass": true,
              "fail": false,
              "pending": false,
              "context": null,
              "code": "//cy.visit('https://rahulshettyacademy.com/seleniumPractise/#/')\ncy.get('.search-keyword').type('ca');\ncy.get('.search-button').click();\ncy.wait(2000);\n// Loop: for each Loop\ncy.get('.products').find('.product').each(($ele, index, $list) => {\n  const product_name = $ele.find('.product-name').text();\n  if (product_name.includes('Carrot')) {\n    cy.wrap($ele).find('button').click();\n    $ele.find('button').click();\n  }\n});",
              "err": {},
              "uuid": "74bdba84-0c19-4dcf-911e-57fdf02cd076",
              "parentUUID": "4dd9cd90-fae0-4918-b723-316de5e4fedf",
              "isHook": false,
              "skipped": false
            },
            {
              "title": "Use of then keyword",
              "fullTitle": "Test Suite: Cypress Baseline Framework 1 Use of then keyword",
              "timedOut": null,
              "duration": 136,
              "state": "passed",
              "speed": "fast",
              "pass": true,
              "fail": false,
              "pending": false,
              "context": null,
              "code": "//cy.visit('https://rahulshettyacademy.com/seleniumPractise/#/')\n/* const logo = cy.get('.brand')\nconst logoText = logo.text() */\ncy.get('.brand').then(function (eleLogo) {\n  const logoText = eleLogo.text();\n  cy.log(logoText);\n});\ncy.get('.brand').should('have.text', 'GREENKART');",
              "err": {},
              "uuid": "1207e561-580d-48ca-8f75-55f5c3e4acc5",
              "parentUUID": "4dd9cd90-fae0-4918-b723-316de5e4fedf",
              "isHook": false,
              "skipped": false
            },
            {
              "title": "Cypress alias",
              "fullTitle": "Test Suite: Cypress Baseline Framework 1 Cypress alias",
              "timedOut": null,
              "duration": 9422,
              "state": "passed",
              "speed": "medium",
              "pass": true,
              "fail": false,
              "pending": false,
              "context": null,
              "code": "cy.get('.search-keyword').as('searchBox');\ncy.get('@searchBox').type('Brocolli');\ncy.wait(2000);\ncy.get('@searchBox').clear();\ncy.get('@searchBox').type('Cauliflower');\ncy.wait(2000);\ncy.get('@searchBox').clear();\ncy.get('@searchBox').type('Beans');\ncy.wait(2000);\ncy.get('@searchBox').clear();\ncy.get('@searchBox').type('Pumpkin');\ncy.wait(2000);\ncy.get('@searchBox').clear();",
              "err": {},
              "uuid": "b1f260be-b2e3-4746-9ba4-ad76e4869b17",
              "parentUUID": "4dd9cd90-fae0-4918-b723-316de5e4fedf",
              "isHook": false,
              "skipped": false
            },
            {
              "title": "Handle validations",
              "fullTitle": "Test Suite: Cypress Baseline Framework 1 Handle validations",
              "timedOut": null,
              "duration": 2696,
              "state": "passed",
              "speed": "fast",
              "pass": true,
              "fail": false,
              "pending": false,
              "context": null,
              "code": "// create alias for searchBox\ncy.get('.search-keyword').as('searchBox');\n// enter text in search box\ncy.get('@searchBox').type('Brocolli');\ncy.wait(2000);\n// click on add to cart button\ncy.get('.products').find('.product').eq(0).contains('ADD TO CART').click();\n// click on cart\ncy.get('.cart-icon > img').click();\n// click on proceed to checkout button\ncy.get('.cart-preview > .action-block > button').click();",
              "err": {},
              "uuid": "471f4907-bb34-43d2-a13e-30a68b9a2e80",
              "parentUUID": "4dd9cd90-fae0-4918-b723-316de5e4fedf",
              "isHook": false,
              "skipped": false
            }
          ],
          "suites": [],
          "passes": [
            "85dd3acc-1c85-4644-80ba-129a1f6ee4a9",
            "6d9a8bf0-5042-4d55-b2c7-5b798f629845",
            "e9f66c80-cc16-499b-9b02-b29a6ae0a95a",
            "1c639f89-e4bc-4b7e-826c-3dd9db52bc7f",
            "601aa55e-5eb7-4b0f-a955-cb132159d386",
            "072f3762-b471-43b4-b9c0-e91268223d9b",
            "e922342e-ae32-4666-a283-2cd3867217df",
            "74bdba84-0c19-4dcf-911e-57fdf02cd076",
            "1207e561-580d-48ca-8f75-55f5c3e4acc5",
            "b1f260be-b2e3-4746-9ba4-ad76e4869b17",
            "471f4907-bb34-43d2-a13e-30a68b9a2e80"
          ],
          "failures": [],
          "pending": [],
          "skipped": [],
          "duration": 24996,
          "root": false,
          "rootEmpty": false,
          "_timeout": 2000
        }
      ],
      "passes": [],
      "failures": [],
      "pending": [],
      "skipped": [],
      "duration": 0,
      "root": true,
      "rootEmpty": true,
      "_timeout": 2000
    }
  ],
  "meta": {
    "mocha": {
      "version": "7.0.1"
    },
    "mochawesome": {
      "options": {
        "quiet": false,
        "reportFilename": "mochawesome",
        "saveHtml": false,
        "saveJson": true,
        "consoleReporter": "spec",
        "useInlineDiffs": false,
        "code": true
      },
      "version": "7.1.3"
    },
    "marge": {
      "options": {
        "reportDir": "cypress\\reports\\.jsons",
        "charts": true,
        "reportPageTitle": "Test Suite Report",
        "embeddedScreenshots": true,
        "inlineAssets": true,
        "overwrite": false,
        "html": false,
        "json": true
      },
      "version": "6.2.0"
    }
  }
}