{
  "stats": {
    "suites": 1,
    "tests": 7,
    "passes": 7,
    "pending": 0,
    "failures": 0,
    "start": "2023-03-09T12:20:28.484Z",
    "end": "2023-03-09T12:20:44.644Z",
    "duration": 16160,
    "testsRegistered": 7,
    "passPercent": 100,
    "pendingPercent": 0,
    "other": 0,
    "hasOther": false,
    "skipped": 0,
    "hasSkipped": false
  },
  "results": [
    {
      "uuid": "13a7e439-6b4c-4a0d-a9cf-d4620e178cdc",
      "title": "",
      "fullFile": "cypress\\integration\\examples\\sampletestcases.js",
      "file": "cypress\\integration\\examples\\sampletestcases.js",
      "beforeHooks": [],
      "afterHooks": [],
      "tests": [],
      "suites": [
        {
          "uuid": "3223b742-6c8c-4a78-860c-4c434d6f91b7",
          "title": "Test Suite: Cypress Baseline Framework 2",
          "fullFile": "",
          "file": "",
          "beforeHooks": [],
          "afterHooks": [],
          "tests": [
            {
              "title": "Fill the form using hard coded data",
              "fullTitle": "Test Suite: Cypress Baseline Framework 2 Fill the form using hard coded data",
              "timedOut": null,
              "duration": 2038,
              "state": "passed",
              "speed": "fast",
              "pass": true,
              "fail": false,
              "pending": false,
              "context": null,
              "code": "cy.get(':nth-child(1) > .form-control').type('Shivaji Dhumal');\ncy.get(':nth-child(2) > .form-control').type('shivaji.dhumal@mail.com');\ncy.get('#exampleInputPassword1').type('Qwerty@123');\ncy.get('#exampleCheck1').click();\ncy.get('#exampleFormControlSelect1').select('Male');\ncy.get('#inlineRadio2').click();\ncy.get(':nth-child(8) > .form-control').type('1989-01-12');",
              "err": {},
              "uuid": "2a49f14f-0c0d-43e0-9138-6ef5065100ef",
              "parentUUID": "3223b742-6c8c-4a78-860c-4c434d6f91b7",
              "isHook": false,
              "skipped": false
            },
            {
              "title": "Fill the form using test data from Json file",
              "fullTitle": "Test Suite: Cypress Baseline Framework 2 Fill the form using test data from Json file",
              "timedOut": null,
              "duration": 1643,
              "state": "passed",
              "speed": "fast",
              "pass": true,
              "fail": false,
              "pending": false,
              "context": null,
              "code": "// create object of a page class and access the locator methods\nconst homepage = new _homePage.default();\n// below are the methods which retun the locators\nhomepage.getPersonName().type(personDetails.name);\nhomepage.getEmailId().type(personDetails.email);\nhomepage.getPassword().type(personDetails.password);\nhomepage.getCheckbox().click();\nhomepage.getGender().select(personDetails.gender);\nhomepage.getRadiobutton().click();\nhomepage.getDateOfBirth().type(personDetails.dateOfBirth);",
              "err": {},
              "uuid": "a23fe320-e777-46e9-945f-784cba64566d",
              "parentUUID": "3223b742-6c8c-4a78-860c-4c434d6f91b7",
              "isHook": false,
              "skipped": false
            },
            {
              "title": "Validate text box value",
              "fullTitle": "Test Suite: Cypress Baseline Framework 2 Validate text box value",
              "timedOut": null,
              "duration": 2479,
              "state": "passed",
              "speed": "fast",
              "pass": true,
              "fail": false,
              "pending": false,
              "context": null,
              "code": "// Validate text box value\ncy.get(':nth-child(1) > .form-control').type(personDetails.name);\ncy.wait(2000);\ncy.get(':nth-child(4) > .ng-untouched').should('have.value', personDetails.name);\n// Validate element attribute value \ncy.get(':nth-child(1) > .form-control').should('have.attr', 'minlength', '2');\n// Validate checkbox is disabled\ncy.get('#inlineRadio3').should('be.disabled');\ncy.get('#inlineRadio3').should('be.visible');",
              "err": {},
              "uuid": "de5dd687-4910-4be9-bcfc-3fd6d8ea2670",
              "parentUUID": "3223b742-6c8c-4a78-860c-4c434d6f91b7",
              "isHook": false,
              "skipped": false
            },
            {
              "title": "Mobile shopping using JSON data",
              "fullTitle": "Test Suite: Cypress Baseline Framework 2 Mobile shopping using JSON data",
              "timedOut": null,
              "duration": 1415,
              "state": "passed",
              "speed": "fast",
              "pass": true,
              "fail": false,
              "pending": false,
              "context": null,
              "code": "// click on Shop menu\ncy.get(':nth-child(2) > .nav-link').click();\n// check for respective mobile model and add to cart\ncy.get('.card-title > a').each(($ele, $index, $list) => {\n  if ($ele.text().includes(mobileDetails.product1)) {\n    cy.get('.card-footer > .btn').eq($index).click();\n  }\n});\n// click on Checkout button\ncy.get('#navbarResponsive > .navbar-nav > .nav-item > .nav-link').click();\ncy.get('h4.media-heading > a').should('have.text', mobileDetails.product1);",
              "err": {},
              "uuid": "0bb0306c-6f97-4788-b00b-73c7598fcd06",
              "parentUUID": "3223b742-6c8c-4a78-860c-4c434d6f91b7",
              "isHook": false,
              "skipped": false
            },
            {
              "title": "Mobile shopping using parameterized method",
              "fullTitle": "Test Suite: Cypress Baseline Framework 2 Mobile shopping using parameterized method",
              "timedOut": null,
              "duration": 506,
              "state": "passed",
              "speed": "fast",
              "pass": true,
              "fail": false,
              "pending": false,
              "context": null,
              "code": "// click on Shop menu\ncy.get(':nth-child(2) > .nav-link').click();\n// created method to select productName and add to cart\ncy.selectProduct(mobileDetails.product1);\ncy.selectProduct(mobileDetails.product2);",
              "err": {},
              "uuid": "a2d18c79-0da1-487f-905b-a980a9fe36fa",
              "parentUUID": "3223b742-6c8c-4a78-860c-4c434d6f91b7",
              "isHook": false,
              "skipped": false
            },
            {
              "title": "parameterized Test case sample 1",
              "fullTitle": "Test Suite: Cypress Baseline Framework 2 parameterized Test case sample 1",
              "timedOut": null,
              "duration": 6184,
              "state": "passed",
              "speed": "medium",
              "pass": true,
              "fail": false,
              "pending": false,
              "context": null,
              "code": "// define timeout at test case level\nCypress.config('defaultCommandTimeout', 8000);\n// click on Shop menu\ncy.get(':nth-child(2) > .nav-link').click();\n// reading JSON array and passed to the function\nmobileDetails.products.forEach(element => {\n  cy.selectProduct(element);\n});\n// click on Checkout button\nconst homepage = new _homePage.default();\nhomepage.getCheckOut().click();\ncy.get(':nth-child(6) > :nth-child(5) > .btn').click();\ncy.get('#country').type('India');\ncy.get('.suggestions > ul > li > a').should('be.visible').click();\n// To click on the element which are overlapped by another element use {force:true} while click\ncy.get('#checkbox2').click({\n  force: true\n});\ncy.get('.ng-pristine > .btn').click();\n// below line will give error due to some extra text in the actual message.\n// cy.get('.alert').should('have.text','Success! Thank you! Your order will be delivered in next few weeks :-).')\ncy.get('.alert').then(function (element) {\n  const actualText = element.text();\n  // add assertion to check actual text and expected text\n  expect(actualText.includes('Success!')).to.be.true;\n});",
              "err": {},
              "uuid": "8ac27717-5bbb-439b-a74b-479affb5de25",
              "parentUUID": "3223b742-6c8c-4a78-860c-4c434d6f91b7",
              "isHook": false,
              "skipped": false
            },
            {
              "title": "This is Failed Testcase example",
              "fullTitle": "Test Suite: Cypress Baseline Framework 2 This is Failed Testcase example",
              "timedOut": null,
              "duration": 175,
              "state": "passed",
              "speed": "fast",
              "pass": true,
              "fail": false,
              "pending": false,
              "context": null,
              "code": "console.log('Failed testcase example for dashboard.');\nassert.equal(true, true, \"Assertions Testcase\");",
              "err": {},
              "uuid": "812de102-7477-4392-bb68-c6a3239dd042",
              "parentUUID": "3223b742-6c8c-4a78-860c-4c434d6f91b7",
              "isHook": false,
              "skipped": false
            }
          ],
          "suites": [],
          "passes": [
            "2a49f14f-0c0d-43e0-9138-6ef5065100ef",
            "a23fe320-e777-46e9-945f-784cba64566d",
            "de5dd687-4910-4be9-bcfc-3fd6d8ea2670",
            "0bb0306c-6f97-4788-b00b-73c7598fcd06",
            "a2d18c79-0da1-487f-905b-a980a9fe36fa",
            "8ac27717-5bbb-439b-a74b-479affb5de25",
            "812de102-7477-4392-bb68-c6a3239dd042"
          ],
          "failures": [],
          "pending": [],
          "skipped": [],
          "duration": 14440,
          "root": false,
          "rootEmpty": false,
          "_timeout": 2000
        }
      ],
      "passes": [],
      "failures": [],
      "pending": [],
      "skipped": [],
      "duration": 0,
      "root": true,
      "rootEmpty": true,
      "_timeout": 2000
    }
  ],
  "meta": {
    "mocha": {
      "version": "7.0.1"
    },
    "mochawesome": {
      "options": {
        "quiet": false,
        "reportFilename": "mochawesome",
        "saveHtml": false,
        "saveJson": true,
        "consoleReporter": "spec",
        "useInlineDiffs": false,
        "code": true
      },
      "version": "7.1.3"
    },
    "marge": {
      "options": {
        "overwrite": false,
        "html": false,
        "json": true
      },
      "version": "6.2.0"
    }
  }
}