{
  "stats": {
    "suites": 1,
    "tests": 11,
    "passes": 11,
    "pending": 0,
    "failures": 0,
    "start": "2023-03-09T12:24:33.315Z",
    "end": "2023-03-09T12:25:00.324Z",
    "duration": 27009,
    "testsRegistered": 11,
    "passPercent": 100,
    "pendingPercent": 0,
    "other": 0,
    "hasOther": false,
    "skipped": 0,
    "hasSkipped": false
  },
  "results": [
    {
      "uuid": "29e6b5ae-f974-4449-9f92-ac0bdd4934e8",
      "title": "",
      "fullFile": "cypress\\integration\\examples\\testcase.js",
      "file": "cypress\\integration\\examples\\testcase.js",
      "beforeHooks": [],
      "afterHooks": [],
      "tests": [],
      "suites": [
        {
          "uuid": "410d3034-421b-4e45-ba8b-d68b0146dcb4",
          "title": "Test Suite: Cypress Baseline Framework 1",
          "fullFile": "",
          "file": "",
          "beforeHooks": [],
          "afterHooks": [],
          "tests": [
            {
              "title": "This is a sample test case 1",
              "fullTitle": "Test Suite: Cypress Baseline Framework 1 This is a sample test case 1",
              "timedOut": null,
              "duration": 1381,
              "state": "passed",
              "speed": "fast",
              "pass": true,
              "fail": false,
              "pending": false,
              "context": null,
              "code": "expect(true).to.equal(true);",
              "err": {},
              "uuid": "a49e686d-69b7-49eb-b7df-d5757da43a66",
              "parentUUID": "410d3034-421b-4e45-ba8b-d68b0146dcb4",
              "isHook": false,
              "skipped": false
            },
            {
              "title": "This is a sample test case 2",
              "fullTitle": "Test Suite: Cypress Baseline Framework 1 This is a sample test case 2",
              "timedOut": null,
              "duration": 129,
              "state": "passed",
              "speed": "fast",
              "pass": true,
              "fail": false,
              "pending": false,
              "context": null,
              "code": "expect(true).to.equal(true);",
              "err": {},
              "uuid": "ee89ba6c-d38e-4cb5-aaff-853af4f971e5",
              "parentUUID": "410d3034-421b-4e45-ba8b-d68b0146dcb4",
              "isHook": false,
              "skipped": false
            },
            {
              "title": "This is a sample test case 3",
              "fullTitle": "Test Suite: Cypress Baseline Framework 1 This is a sample test case 3",
              "timedOut": null,
              "duration": 123,
              "state": "passed",
              "speed": "fast",
              "pass": true,
              "fail": false,
              "pending": false,
              "context": null,
              "code": "expect(true).to.equal(true);",
              "err": {},
              "uuid": "939c637c-04cd-4398-a7fe-fa132124873e",
              "parentUUID": "410d3034-421b-4e45-ba8b-d68b0146dcb4",
              "isHook": false,
              "skipped": false
            },
            {
              "title": "This is a sample test case 4",
              "fullTitle": "Test Suite: Cypress Baseline Framework 1 This is a sample test case 4",
              "timedOut": null,
              "duration": 778,
              "state": "passed",
              "speed": "fast",
              "pass": true,
              "fail": false,
              "pending": false,
              "context": null,
              "code": "//cy.visit('https://rahulshettyacademy.com/seleniumPractise/#/')\ncy.get('.search-keyword').type('Brocolli');\ncy.get('.search-button').click();\ncy.get(':nth-child(1) > .stepper-input > .increment').click();\ncy.get('.product-action > button').click();",
              "err": {},
              "uuid": "30b3755f-5872-4712-b654-f6ffdf258b55",
              "parentUUID": "410d3034-421b-4e45-ba8b-d68b0146dcb4",
              "isHook": false,
              "skipped": false
            },
            {
              "title": "Validate product count",
              "fullTitle": "Test Suite: Cypress Baseline Framework 1 Validate product count",
              "timedOut": null,
              "duration": 2445,
              "state": "passed",
              "speed": "fast",
              "pass": true,
              "fail": false,
              "pending": false,
              "context": null,
              "code": "//cy.visit('https://rahulshettyacademy.com/seleniumPractise/#/')\ncy.get('.search-keyword').type('ca');\ncy.get('.search-button').click();\ncy.wait(2000);\ncy.get('.product:visible').should('have.length', 4);",
              "err": {},
              "uuid": "d00086ff-9713-4167-b31a-d176e5e9eaa4",
              "parentUUID": "410d3034-421b-4e45-ba8b-d68b0146dcb4",
              "isHook": false,
              "skipped": false
            },
            {
              "title": "Validate product count",
              "fullTitle": "Test Suite: Cypress Baseline Framework 1 Validate product count",
              "timedOut": null,
              "duration": 2432,
              "state": "passed",
              "speed": "fast",
              "pass": true,
              "fail": false,
              "pending": false,
              "context": null,
              "code": "//cy.visit('https://rahulshettyacademy.com/seleniumPractise/#/')\ncy.get('.search-keyword').type('ca');\ncy.get('.search-button').click();\ncy.wait(2000);\n//  cy.get('.product:visible').should('have.length',4)\ncy.get('.products').find('.product').should('have.length', 4);",
              "err": {},
              "uuid": "0c0a0c93-be3c-4826-9d57-289bdfec7ca6",
              "parentUUID": "410d3034-421b-4e45-ba8b-d68b0146dcb4",
              "isHook": false,
              "skipped": false
            },
            {
              "title": "Click on Add to Cart",
              "fullTitle": "Test Suite: Cypress Baseline Framework 1 Click on Add to Cart",
              "timedOut": null,
              "duration": 2992,
              "state": "passed",
              "speed": "fast",
              "pass": true,
              "fail": false,
              "pending": false,
              "context": null,
              "code": "//cy.visit('https://rahulshettyacademy.com/seleniumPractise/#/')\ncy.get('.search-keyword').type('ca');\ncy.get('.search-button').click();\ncy.wait(2000);\n//  Use of cy.get and find functions\ncy.get('.products').find('.product').should('have.length', 4);\ncy.get('.products').find('.product').eq(0).contains('ADD TO CART').click();\ncy.get('.products').find('.product').eq(1).contains('ADD TO CART').click();\ncy.get('.products').find('.product').eq(2).contains('ADD TO CART').click();\ncy.get('.products').find('.product').eq(3).contains('ADD TO CART').click();",
              "err": {},
              "uuid": "6a6f7241-b955-48ac-b007-3f43f29439bd",
              "parentUUID": "410d3034-421b-4e45-ba8b-d68b0146dcb4",
              "isHook": false,
              "skipped": false
            },
            {
              "title": "Add product to Cart",
              "fullTitle": "Test Suite: Cypress Baseline Framework 1 Add product to Cart",
              "timedOut": null,
              "duration": 2545,
              "state": "passed",
              "speed": "fast",
              "pass": true,
              "fail": false,
              "pending": false,
              "context": null,
              "code": "//cy.visit('https://rahulshettyacademy.com/seleniumPractise/#/')\ncy.get('.search-keyword').type('ca');\ncy.get('.search-button').click();\ncy.wait(2000);\n// Loop: for each Loop\ncy.get('.products').find('.product').each(($ele, index, $list) => {\n  const product_name = $ele.find('.product-name').text();\n  if (product_name.includes('Carrot')) {\n    cy.wrap($ele).find('button').click();\n    $ele.find('button').click();\n  }\n});",
              "err": {},
              "uuid": "a872413a-d2f0-409b-8876-7cb6dcbf4bc9",
              "parentUUID": "410d3034-421b-4e45-ba8b-d68b0146dcb4",
              "isHook": false,
              "skipped": false
            },
            {
              "title": "Use of then keyword",
              "fullTitle": "Test Suite: Cypress Baseline Framework 1 Use of then keyword",
              "timedOut": null,
              "duration": 111,
              "state": "passed",
              "speed": "fast",
              "pass": true,
              "fail": false,
              "pending": false,
              "context": null,
              "code": "//cy.visit('https://rahulshettyacademy.com/seleniumPractise/#/')\n/* const logo = cy.get('.brand')\nconst logoText = logo.text() */\ncy.get('.brand').then(function (eleLogo) {\n  const logoText = eleLogo.text();\n  cy.log(logoText);\n});\ncy.get('.brand').should('have.text', 'GREENKART');",
              "err": {},
              "uuid": "5acf0a08-b0ee-4751-89c7-9bdc90d7fac4",
              "parentUUID": "410d3034-421b-4e45-ba8b-d68b0146dcb4",
              "isHook": false,
              "skipped": false
            },
            {
              "title": "Cypress alias",
              "fullTitle": "Test Suite: Cypress Baseline Framework 1 Cypress alias",
              "timedOut": null,
              "duration": 9636,
              "state": "passed",
              "speed": "medium",
              "pass": true,
              "fail": false,
              "pending": false,
              "context": null,
              "code": "cy.get('.search-keyword').as('searchBox');\ncy.get('@searchBox').type('Brocolli');\ncy.wait(2000);\ncy.get('@searchBox').clear();\ncy.get('@searchBox').type('Cauliflower');\ncy.wait(2000);\ncy.get('@searchBox').clear();\ncy.get('@searchBox').type('Beans');\ncy.wait(2000);\ncy.get('@searchBox').clear();\ncy.get('@searchBox').type('Pumpkin');\ncy.wait(2000);\ncy.get('@searchBox').clear();",
              "err": {},
              "uuid": "67ba0ba4-425d-4fc2-86ff-9efd00aaaafa",
              "parentUUID": "410d3034-421b-4e45-ba8b-d68b0146dcb4",
              "isHook": false,
              "skipped": false
            },
            {
              "title": "Handle validations",
              "fullTitle": "Test Suite: Cypress Baseline Framework 1 Handle validations",
              "timedOut": null,
              "duration": 3119,
              "state": "passed",
              "speed": "fast",
              "pass": true,
              "fail": false,
              "pending": false,
              "context": null,
              "code": "// create alias for searchBox\ncy.get('.search-keyword').as('searchBox');\n// enter text in search box\ncy.get('@searchBox').type('Brocolli');\ncy.wait(2000);\n// click on add to cart button\ncy.get('.products').find('.product').eq(0).contains('ADD TO CART').click();\n// click on cart\ncy.get('.cart-icon > img').click();\n// click on proceed to checkout button\ncy.get('.cart-preview > .action-block > button').click();",
              "err": {},
              "uuid": "ca9ff6cd-4599-40c6-8680-8784fbb4c71b",
              "parentUUID": "410d3034-421b-4e45-ba8b-d68b0146dcb4",
              "isHook": false,
              "skipped": false
            }
          ],
          "suites": [],
          "passes": [
            "a49e686d-69b7-49eb-b7df-d5757da43a66",
            "ee89ba6c-d38e-4cb5-aaff-853af4f971e5",
            "939c637c-04cd-4398-a7fe-fa132124873e",
            "30b3755f-5872-4712-b654-f6ffdf258b55",
            "d00086ff-9713-4167-b31a-d176e5e9eaa4",
            "0c0a0c93-be3c-4826-9d57-289bdfec7ca6",
            "6a6f7241-b955-48ac-b007-3f43f29439bd",
            "a872413a-d2f0-409b-8876-7cb6dcbf4bc9",
            "5acf0a08-b0ee-4751-89c7-9bdc90d7fac4",
            "67ba0ba4-425d-4fc2-86ff-9efd00aaaafa",
            "ca9ff6cd-4599-40c6-8680-8784fbb4c71b"
          ],
          "failures": [],
          "pending": [],
          "skipped": [],
          "duration": 25691,
          "root": false,
          "rootEmpty": false,
          "_timeout": 2000
        }
      ],
      "passes": [],
      "failures": [],
      "pending": [],
      "skipped": [],
      "duration": 0,
      "root": true,
      "rootEmpty": true,
      "_timeout": 2000
    }
  ],
  "meta": {
    "mocha": {
      "version": "7.0.1"
    },
    "mochawesome": {
      "options": {
        "quiet": false,
        "reportFilename": "mochawesome",
        "saveHtml": false,
        "saveJson": true,
        "consoleReporter": "spec",
        "useInlineDiffs": false,
        "code": true
      },
      "version": "7.1.3"
    },
    "marge": {
      "options": {
        "overwrite": false,
        "html": false,
        "json": true
      },
      "version": "6.2.0"
    }
  }
}