{
  "stats": {
    "suites": 1,
    "tests": 11,
    "passes": 11,
    "pending": 0,
    "failures": 0,
    "start": "2023-03-09T08:34:02.743Z",
    "end": "2023-03-09T08:34:36.208Z",
    "duration": 33465,
    "testsRegistered": 11,
    "passPercent": 100,
    "pendingPercent": 0,
    "other": 0,
    "hasOther": false,
    "skipped": 0,
    "hasSkipped": false
  },
  "results": [
    {
      "uuid": "5468645b-9734-4ba7-8ecc-22685ba4c287",
      "title": "",
      "fullFile": "cypress\\integration\\examples\\testcase.js",
      "file": "cypress\\integration\\examples\\testcase.js",
      "beforeHooks": [],
      "afterHooks": [],
      "tests": [],
      "suites": [
        {
          "uuid": "069332bf-0eb9-4751-bc46-33f8e7c42534",
          "title": "Test Suite: Cypress Baseline Framework",
          "fullFile": "",
          "file": "",
          "beforeHooks": [],
          "afterHooks": [],
          "tests": [
            {
              "title": "This is a sample test case 1",
              "fullTitle": "Test Suite: Cypress Baseline Framework This is a sample test case 1",
              "timedOut": null,
              "duration": 5410,
              "state": "passed",
              "speed": "medium",
              "pass": true,
              "fail": false,
              "pending": false,
              "context": null,
              "code": "expect(true).to.equal(true);",
              "err": {},
              "uuid": "cd712b71-d0ab-4195-ac76-b077c6efbbe3",
              "parentUUID": "069332bf-0eb9-4751-bc46-33f8e7c42534",
              "isHook": false,
              "skipped": false
            },
            {
              "title": "This is a sample test case 2",
              "fullTitle": "Test Suite: Cypress Baseline Framework This is a sample test case 2",
              "timedOut": null,
              "duration": 153,
              "state": "passed",
              "speed": "fast",
              "pass": true,
              "fail": false,
              "pending": false,
              "context": null,
              "code": "expect(true).to.equal(true);",
              "err": {},
              "uuid": "a14be826-174c-4b82-839d-4a9e667ec503",
              "parentUUID": "069332bf-0eb9-4751-bc46-33f8e7c42534",
              "isHook": false,
              "skipped": false
            },
            {
              "title": "This is a sample test case 3",
              "fullTitle": "Test Suite: Cypress Baseline Framework This is a sample test case 3",
              "timedOut": null,
              "duration": 192,
              "state": "passed",
              "speed": "fast",
              "pass": true,
              "fail": false,
              "pending": false,
              "context": null,
              "code": "expect(true).to.equal(true);",
              "err": {},
              "uuid": "449d4b72-d4ac-49e8-b471-0921a03231f7",
              "parentUUID": "069332bf-0eb9-4751-bc46-33f8e7c42534",
              "isHook": false,
              "skipped": false
            },
            {
              "title": "This is a sample test case 4",
              "fullTitle": "Test Suite: Cypress Baseline Framework This is a sample test case 4",
              "timedOut": null,
              "duration": 850,
              "state": "passed",
              "speed": "fast",
              "pass": true,
              "fail": false,
              "pending": false,
              "context": null,
              "code": "//cy.visit('https://rahulshettyacademy.com/seleniumPractise/#/')\ncy.get('.search-keyword').type('Brocolli');\ncy.get('.search-button').click();\ncy.get(':nth-child(1) > .stepper-input > .increment').click();\ncy.get('.product-action > button').click();",
              "err": {},
              "uuid": "6f8b3f07-3415-4aa0-8220-40f92a3f2085",
              "parentUUID": "069332bf-0eb9-4751-bc46-33f8e7c42534",
              "isHook": false,
              "skipped": false
            },
            {
              "title": "Validate product count",
              "fullTitle": "Test Suite: Cypress Baseline Framework Validate product count",
              "timedOut": null,
              "duration": 2437,
              "state": "passed",
              "speed": "fast",
              "pass": true,
              "fail": false,
              "pending": false,
              "context": null,
              "code": "//cy.visit('https://rahulshettyacademy.com/seleniumPractise/#/')\ncy.get('.search-keyword').type('ca');\ncy.get('.search-button').click();\ncy.wait(2000);\ncy.get('.product:visible').should('have.length', 4);",
              "err": {},
              "uuid": "d73d6e0d-3cb1-439e-9bfd-f8e14dc7ae7f",
              "parentUUID": "069332bf-0eb9-4751-bc46-33f8e7c42534",
              "isHook": false,
              "skipped": false
            },
            {
              "title": "Validate product count",
              "fullTitle": "Test Suite: Cypress Baseline Framework Validate product count",
              "timedOut": null,
              "duration": 2551,
              "state": "passed",
              "speed": "fast",
              "pass": true,
              "fail": false,
              "pending": false,
              "context": null,
              "code": "//cy.visit('https://rahulshettyacademy.com/seleniumPractise/#/')\ncy.get('.search-keyword').type('ca');\ncy.get('.search-button').click();\ncy.wait(2000);\n//  cy.get('.product:visible').should('have.length',4)\ncy.get('.products').find('.product').should('have.length', 4);",
              "err": {},
              "uuid": "798e9048-cb1e-47cd-914f-f54753353c2f",
              "parentUUID": "069332bf-0eb9-4751-bc46-33f8e7c42534",
              "isHook": false,
              "skipped": false
            },
            {
              "title": "Click on Add to Cart",
              "fullTitle": "Test Suite: Cypress Baseline Framework Click on Add to Cart",
              "timedOut": null,
              "duration": 3019,
              "state": "passed",
              "speed": "fast",
              "pass": true,
              "fail": false,
              "pending": false,
              "context": null,
              "code": "//cy.visit('https://rahulshettyacademy.com/seleniumPractise/#/')\ncy.get('.search-keyword').type('ca');\ncy.get('.search-button').click();\ncy.wait(2000);\n//  Use of cy.get and find functions\ncy.get('.products').find('.product').should('have.length', 4);\ncy.get('.products').find('.product').eq(0).contains('ADD TO CART').click();\ncy.get('.products').find('.product').eq(1).contains('ADD TO CART').click();\ncy.get('.products').find('.product').eq(2).contains('ADD TO CART').click();\ncy.get('.products').find('.product').eq(3).contains('ADD TO CART').click();",
              "err": {},
              "uuid": "35a574b4-aecb-413d-92bf-a4cbb6bdc63e",
              "parentUUID": "069332bf-0eb9-4751-bc46-33f8e7c42534",
              "isHook": false,
              "skipped": false
            },
            {
              "title": "Add product to Cart",
              "fullTitle": "Test Suite: Cypress Baseline Framework Add product to Cart",
              "timedOut": null,
              "duration": 2536,
              "state": "passed",
              "speed": "fast",
              "pass": true,
              "fail": false,
              "pending": false,
              "context": null,
              "code": "//cy.visit('https://rahulshettyacademy.com/seleniumPractise/#/')\ncy.get('.search-keyword').type('ca');\ncy.get('.search-button').click();\ncy.wait(2000);\n// Loop: for each Loop\ncy.get('.products').find('.product').each(($ele, index, $list) => {\n  const product_name = $ele.find('.product-name').text();\n  if (product_name.includes('Carrot')) {\n    cy.wrap($ele).find('button').click();\n    $ele.find('button').click();\n  }\n});",
              "err": {},
              "uuid": "6b29b7a9-3b94-4025-bc2d-a047750927bf",
              "parentUUID": "069332bf-0eb9-4751-bc46-33f8e7c42534",
              "isHook": false,
              "skipped": false
            },
            {
              "title": "Use of then keyword",
              "fullTitle": "Test Suite: Cypress Baseline Framework Use of then keyword",
              "timedOut": null,
              "duration": 481,
              "state": "passed",
              "speed": "fast",
              "pass": true,
              "fail": false,
              "pending": false,
              "context": null,
              "code": "//cy.visit('https://rahulshettyacademy.com/seleniumPractise/#/')\n/* const logo = cy.get('.brand')\nconst logoText = logo.text() */\ncy.get('.brand').then(function (eleLogo) {\n  const logoText = eleLogo.text();\n  cy.log(logoText);\n});\ncy.get('.brand').should('have.text', 'GREENKART');",
              "err": {},
              "uuid": "6544d58f-547c-43d7-b925-1584ea2004d0",
              "parentUUID": "069332bf-0eb9-4751-bc46-33f8e7c42534",
              "isHook": false,
              "skipped": false
            },
            {
              "title": "Cypress alias",
              "fullTitle": "Test Suite: Cypress Baseline Framework Cypress alias",
              "timedOut": null,
              "duration": 10729,
              "state": "passed",
              "speed": "slow",
              "pass": true,
              "fail": false,
              "pending": false,
              "context": null,
              "code": "cy.get('.search-keyword').as('searchBox');\ncy.get('@searchBox').type('Brocolli');\ncy.wait(2000);\ncy.get('@searchBox').clear();\ncy.get('@searchBox').type('Cauliflower');\ncy.wait(2000);\ncy.get('@searchBox').clear();\ncy.get('@searchBox').type('Beans');\ncy.wait(2000);\ncy.get('@searchBox').clear();\ncy.get('@searchBox').type('Pumpkin');\ncy.wait(2000);\ncy.get('@searchBox').clear();",
              "err": {},
              "uuid": "620df007-d4f3-4cb5-a275-8734a8f7c657",
              "parentUUID": "069332bf-0eb9-4751-bc46-33f8e7c42534",
              "isHook": false,
              "skipped": false
            },
            {
              "title": "Handle validations",
              "fullTitle": "Test Suite: Cypress Baseline Framework Handle validations",
              "timedOut": null,
              "duration": 2846,
              "state": "passed",
              "speed": "fast",
              "pass": true,
              "fail": false,
              "pending": false,
              "context": null,
              "code": "// create alias for searchBox\ncy.get('.search-keyword').as('searchBox');\n// enter text in search box\ncy.get('@searchBox').type('Brocolli');\ncy.wait(2000);\n// click on add to cart button\ncy.get('.products').find('.product').eq(0).contains('ADD TO CART').click();\n// click on cart\ncy.get('.cart-icon > img').click();\n// click on proceed to checkout button\ncy.get('.cart-preview > .action-block > button').click();",
              "err": {},
              "uuid": "6df08ac8-3272-4990-8c74-a3f6ad7313c3",
              "parentUUID": "069332bf-0eb9-4751-bc46-33f8e7c42534",
              "isHook": false,
              "skipped": false
            }
          ],
          "suites": [],
          "passes": [
            "cd712b71-d0ab-4195-ac76-b077c6efbbe3",
            "a14be826-174c-4b82-839d-4a9e667ec503",
            "449d4b72-d4ac-49e8-b471-0921a03231f7",
            "6f8b3f07-3415-4aa0-8220-40f92a3f2085",
            "d73d6e0d-3cb1-439e-9bfd-f8e14dc7ae7f",
            "798e9048-cb1e-47cd-914f-f54753353c2f",
            "35a574b4-aecb-413d-92bf-a4cbb6bdc63e",
            "6b29b7a9-3b94-4025-bc2d-a047750927bf",
            "6544d58f-547c-43d7-b925-1584ea2004d0",
            "620df007-d4f3-4cb5-a275-8734a8f7c657",
            "6df08ac8-3272-4990-8c74-a3f6ad7313c3"
          ],
          "failures": [],
          "pending": [],
          "skipped": [],
          "duration": 31204,
          "root": false,
          "rootEmpty": false,
          "_timeout": 2000
        }
      ],
      "passes": [],
      "failures": [],
      "pending": [],
      "skipped": [],
      "duration": 0,
      "root": true,
      "rootEmpty": true,
      "_timeout": 2000
    }
  ],
  "meta": {
    "mocha": {
      "version": "7.0.1"
    },
    "mochawesome": {
      "options": {
        "quiet": false,
        "reportFilename": "mochawesome",
        "saveHtml": true,
        "saveJson": true,
        "consoleReporter": "spec",
        "useInlineDiffs": false,
        "code": true
      },
      "version": "7.1.3"
    },
    "marge": {
      "options": null,
      "version": "6.2.0"
    }
  }
}