{
  "stats": {
    "suites": 1,
    "tests": 11,
    "passes": 11,
    "pending": 0,
    "failures": 0,
    "start": "2023-03-09T11:56:01.444Z",
    "end": "2023-03-09T11:56:29.862Z",
    "duration": 28418,
    "testsRegistered": 11,
    "passPercent": 100,
    "pendingPercent": 0,
    "other": 0,
    "hasOther": false,
    "skipped": 0,
    "hasSkipped": false
  },
  "results": [
    {
      "uuid": "cbe70687-62be-45ba-b285-8c0e26a2d08a",
      "title": "",
      "fullFile": "cypress\\integration\\examples\\testcase.js",
      "file": "cypress\\integration\\examples\\testcase.js",
      "beforeHooks": [],
      "afterHooks": [],
      "tests": [],
      "suites": [
        {
          "uuid": "08548867-c469-4e54-9b8e-fd332b7e29d9",
          "title": "Test Suite: Cypress Baseline Framework 1",
          "fullFile": "",
          "file": "",
          "beforeHooks": [],
          "afterHooks": [],
          "tests": [
            {
              "title": "This is a sample test case 1",
              "fullTitle": "Test Suite: Cypress Baseline Framework 1 This is a sample test case 1",
              "timedOut": null,
              "duration": 1452,
              "state": "passed",
              "speed": "fast",
              "pass": true,
              "fail": false,
              "pending": false,
              "context": null,
              "code": "expect(true).to.equal(true);",
              "err": {},
              "uuid": "9e6b6fd5-45bb-4eef-9d18-bd808a126daf",
              "parentUUID": "08548867-c469-4e54-9b8e-fd332b7e29d9",
              "isHook": false,
              "skipped": false
            },
            {
              "title": "This is a sample test case 2",
              "fullTitle": "Test Suite: Cypress Baseline Framework 1 This is a sample test case 2",
              "timedOut": null,
              "duration": 134,
              "state": "passed",
              "speed": "fast",
              "pass": true,
              "fail": false,
              "pending": false,
              "context": null,
              "code": "expect(true).to.equal(true);",
              "err": {},
              "uuid": "632ff336-9e85-40e2-9e20-490be91a0f32",
              "parentUUID": "08548867-c469-4e54-9b8e-fd332b7e29d9",
              "isHook": false,
              "skipped": false
            },
            {
              "title": "This is a sample test case 3",
              "fullTitle": "Test Suite: Cypress Baseline Framework 1 This is a sample test case 3",
              "timedOut": null,
              "duration": 123,
              "state": "passed",
              "speed": "fast",
              "pass": true,
              "fail": false,
              "pending": false,
              "context": null,
              "code": "expect(true).to.equal(true);",
              "err": {},
              "uuid": "c0ce74ec-3525-4902-a9e1-ac1c7526d7fe",
              "parentUUID": "08548867-c469-4e54-9b8e-fd332b7e29d9",
              "isHook": false,
              "skipped": false
            },
            {
              "title": "This is a sample test case 4",
              "fullTitle": "Test Suite: Cypress Baseline Framework 1 This is a sample test case 4",
              "timedOut": null,
              "duration": 732,
              "state": "passed",
              "speed": "fast",
              "pass": true,
              "fail": false,
              "pending": false,
              "context": null,
              "code": "//cy.visit('https://rahulshettyacademy.com/seleniumPractise/#/')\ncy.get('.search-keyword').type('Brocolli');\ncy.get('.search-button').click();\ncy.get(':nth-child(1) > .stepper-input > .increment').click();\ncy.get('.product-action > button').click();",
              "err": {},
              "uuid": "c1adea94-a858-4094-9b45-b223d10c7cb1",
              "parentUUID": "08548867-c469-4e54-9b8e-fd332b7e29d9",
              "isHook": false,
              "skipped": false
            },
            {
              "title": "Validate product count",
              "fullTitle": "Test Suite: Cypress Baseline Framework 1 Validate product count",
              "timedOut": null,
              "duration": 2431,
              "state": "passed",
              "speed": "fast",
              "pass": true,
              "fail": false,
              "pending": false,
              "context": null,
              "code": "//cy.visit('https://rahulshettyacademy.com/seleniumPractise/#/')\ncy.get('.search-keyword').type('ca');\ncy.get('.search-button').click();\ncy.wait(2000);\ncy.get('.product:visible').should('have.length', 4);",
              "err": {},
              "uuid": "2286e159-1fb0-403f-bbca-376baf719ae4",
              "parentUUID": "08548867-c469-4e54-9b8e-fd332b7e29d9",
              "isHook": false,
              "skipped": false
            },
            {
              "title": "Validate product count",
              "fullTitle": "Test Suite: Cypress Baseline Framework 1 Validate product count",
              "timedOut": null,
              "duration": 2419,
              "state": "passed",
              "speed": "fast",
              "pass": true,
              "fail": false,
              "pending": false,
              "context": null,
              "code": "//cy.visit('https://rahulshettyacademy.com/seleniumPractise/#/')\ncy.get('.search-keyword').type('ca');\ncy.get('.search-button').click();\ncy.wait(2000);\n//  cy.get('.product:visible').should('have.length',4)\ncy.get('.products').find('.product').should('have.length', 4);",
              "err": {},
              "uuid": "af8a4290-4c9e-4cba-8199-ebc65c111f7d",
              "parentUUID": "08548867-c469-4e54-9b8e-fd332b7e29d9",
              "isHook": false,
              "skipped": false
            },
            {
              "title": "Click on Add to Cart",
              "fullTitle": "Test Suite: Cypress Baseline Framework 1 Click on Add to Cart",
              "timedOut": null,
              "duration": 2963,
              "state": "passed",
              "speed": "fast",
              "pass": true,
              "fail": false,
              "pending": false,
              "context": null,
              "code": "//cy.visit('https://rahulshettyacademy.com/seleniumPractise/#/')\ncy.get('.search-keyword').type('ca');\ncy.get('.search-button').click();\ncy.wait(2000);\n//  Use of cy.get and find functions\ncy.get('.products').find('.product').should('have.length', 4);\ncy.get('.products').find('.product').eq(0).contains('ADD TO CART').click();\ncy.get('.products').find('.product').eq(1).contains('ADD TO CART').click();\ncy.get('.products').find('.product').eq(2).contains('ADD TO CART').click();\ncy.get('.products').find('.product').eq(3).contains('ADD TO CART').click();",
              "err": {},
              "uuid": "5154ed44-40db-4f10-8252-6137e41501eb",
              "parentUUID": "08548867-c469-4e54-9b8e-fd332b7e29d9",
              "isHook": false,
              "skipped": false
            },
            {
              "title": "Add product to Cart",
              "fullTitle": "Test Suite: Cypress Baseline Framework 1 Add product to Cart",
              "timedOut": null,
              "duration": 2602,
              "state": "passed",
              "speed": "fast",
              "pass": true,
              "fail": false,
              "pending": false,
              "context": null,
              "code": "//cy.visit('https://rahulshettyacademy.com/seleniumPractise/#/')\ncy.get('.search-keyword').type('ca');\ncy.get('.search-button').click();\ncy.wait(2000);\n// Loop: for each Loop\ncy.get('.products').find('.product').each(($ele, index, $list) => {\n  const product_name = $ele.find('.product-name').text();\n  if (product_name.includes('Carrot')) {\n    cy.wrap($ele).find('button').click();\n    $ele.find('button').click();\n  }\n});",
              "err": {},
              "uuid": "2b725485-adcb-4631-846d-cd6bdc8247d4",
              "parentUUID": "08548867-c469-4e54-9b8e-fd332b7e29d9",
              "isHook": false,
              "skipped": false
            },
            {
              "title": "Use of then keyword",
              "fullTitle": "Test Suite: Cypress Baseline Framework 1 Use of then keyword",
              "timedOut": null,
              "duration": 1749,
              "state": "passed",
              "speed": "fast",
              "pass": true,
              "fail": false,
              "pending": false,
              "context": null,
              "code": "//cy.visit('https://rahulshettyacademy.com/seleniumPractise/#/')\n/* const logo = cy.get('.brand')\nconst logoText = logo.text() */\ncy.get('.brand').then(function (eleLogo) {\n  const logoText = eleLogo.text();\n  cy.log(logoText);\n});\ncy.get('.brand').should('have.text', 'GREENKART');",
              "err": {},
              "uuid": "7d85d2bb-c4cc-481c-bfde-a360a467e4a1",
              "parentUUID": "08548867-c469-4e54-9b8e-fd332b7e29d9",
              "isHook": false,
              "skipped": false
            },
            {
              "title": "Cypress alias",
              "fullTitle": "Test Suite: Cypress Baseline Framework 1 Cypress alias",
              "timedOut": null,
              "duration": 9436,
              "state": "passed",
              "speed": "medium",
              "pass": true,
              "fail": false,
              "pending": false,
              "context": null,
              "code": "cy.get('.search-keyword').as('searchBox');\ncy.get('@searchBox').type('Brocolli');\ncy.wait(2000);\ncy.get('@searchBox').clear();\ncy.get('@searchBox').type('Cauliflower');\ncy.wait(2000);\ncy.get('@searchBox').clear();\ncy.get('@searchBox').type('Beans');\ncy.wait(2000);\ncy.get('@searchBox').clear();\ncy.get('@searchBox').type('Pumpkin');\ncy.wait(2000);\ncy.get('@searchBox').clear();",
              "err": {},
              "uuid": "fd6b52b9-4e51-43b1-915a-60b997f21790",
              "parentUUID": "08548867-c469-4e54-9b8e-fd332b7e29d9",
              "isHook": false,
              "skipped": false
            },
            {
              "title": "Handle validations",
              "fullTitle": "Test Suite: Cypress Baseline Framework 1 Handle validations",
              "timedOut": null,
              "duration": 3148,
              "state": "passed",
              "speed": "fast",
              "pass": true,
              "fail": false,
              "pending": false,
              "context": null,
              "code": "// create alias for searchBox\ncy.get('.search-keyword').as('searchBox');\n// enter text in search box\ncy.get('@searchBox').type('Brocolli');\ncy.wait(2000);\n// click on add to cart button\ncy.get('.products').find('.product').eq(0).contains('ADD TO CART').click();\n// click on cart\ncy.get('.cart-icon > img').click();\n// click on proceed to checkout button\ncy.get('.cart-preview > .action-block > button').click();",
              "err": {},
              "uuid": "93d92868-efa7-45ae-b67b-0d58eed79a68",
              "parentUUID": "08548867-c469-4e54-9b8e-fd332b7e29d9",
              "isHook": false,
              "skipped": false
            }
          ],
          "suites": [],
          "passes": [
            "9e6b6fd5-45bb-4eef-9d18-bd808a126daf",
            "632ff336-9e85-40e2-9e20-490be91a0f32",
            "c0ce74ec-3525-4902-a9e1-ac1c7526d7fe",
            "c1adea94-a858-4094-9b45-b223d10c7cb1",
            "2286e159-1fb0-403f-bbca-376baf719ae4",
            "af8a4290-4c9e-4cba-8199-ebc65c111f7d",
            "5154ed44-40db-4f10-8252-6137e41501eb",
            "2b725485-adcb-4631-846d-cd6bdc8247d4",
            "7d85d2bb-c4cc-481c-bfde-a360a467e4a1",
            "fd6b52b9-4e51-43b1-915a-60b997f21790",
            "93d92868-efa7-45ae-b67b-0d58eed79a68"
          ],
          "failures": [],
          "pending": [],
          "skipped": [],
          "duration": 27189,
          "root": false,
          "rootEmpty": false,
          "_timeout": 2000
        }
      ],
      "passes": [],
      "failures": [],
      "pending": [],
      "skipped": [],
      "duration": 0,
      "root": true,
      "rootEmpty": true,
      "_timeout": 2000
    }
  ],
  "meta": {
    "mocha": {
      "version": "7.0.1"
    },
    "mochawesome": {
      "options": {
        "quiet": false,
        "reportFilename": "mochawesome",
        "saveHtml": false,
        "saveJson": true,
        "consoleReporter": "spec",
        "useInlineDiffs": false,
        "code": true
      },
      "version": "7.1.3"
    },
    "marge": {
      "options": {
        "overwrite": false,
        "html": false,
        "json": true
      },
      "version": "6.2.0"
    }
  }
}