{
  "stats": {
    "suites": 1,
    "tests": 11,
    "passes": 11,
    "pending": 0,
    "failures": 0,
    "start": "2023-03-09T11:32:19.395Z",
    "end": "2023-03-09T11:32:50.681Z",
    "duration": 31286,
    "testsRegistered": 11,
    "passPercent": 100,
    "pendingPercent": 0,
    "other": 0,
    "hasOther": false,
    "skipped": 0,
    "hasSkipped": false
  },
  "results": [
    {
      "uuid": "afba90b8-bc52-4ec5-80de-6c800b26911f",
      "title": "",
      "fullFile": "cypress\\integration\\examples\\testcase.js",
      "file": "cypress\\integration\\examples\\testcase.js",
      "beforeHooks": [],
      "afterHooks": [],
      "tests": [],
      "suites": [
        {
          "uuid": "1fd487dd-2776-4a08-87f3-050343d6f558",
          "title": "Test Suite: Cypress Baseline Framework 1",
          "fullFile": "",
          "file": "",
          "beforeHooks": [],
          "afterHooks": [],
          "tests": [
            {
              "title": "This is a sample test case 1",
              "fullTitle": "Test Suite: Cypress Baseline Framework 1 This is a sample test case 1",
              "timedOut": null,
              "duration": 1627,
              "state": "passed",
              "speed": "fast",
              "pass": true,
              "fail": false,
              "pending": false,
              "context": null,
              "code": "expect(true).to.equal(true);",
              "err": {},
              "uuid": "bdb83b5b-c945-484b-a6dd-df3b96746db7",
              "parentUUID": "1fd487dd-2776-4a08-87f3-050343d6f558",
              "isHook": false,
              "skipped": false
            },
            {
              "title": "This is a sample test case 2",
              "fullTitle": "Test Suite: Cypress Baseline Framework 1 This is a sample test case 2",
              "timedOut": null,
              "duration": 141,
              "state": "passed",
              "speed": "fast",
              "pass": true,
              "fail": false,
              "pending": false,
              "context": null,
              "code": "expect(true).to.equal(true);",
              "err": {},
              "uuid": "3f2b5e88-5c74-4a52-b981-ab2ba2b814cf",
              "parentUUID": "1fd487dd-2776-4a08-87f3-050343d6f558",
              "isHook": false,
              "skipped": false
            },
            {
              "title": "This is a sample test case 3",
              "fullTitle": "Test Suite: Cypress Baseline Framework 1 This is a sample test case 3",
              "timedOut": null,
              "duration": 149,
              "state": "passed",
              "speed": "fast",
              "pass": true,
              "fail": false,
              "pending": false,
              "context": null,
              "code": "expect(true).to.equal(true);",
              "err": {},
              "uuid": "750c9b00-4aa2-4aac-933f-1bb0c751d7eb",
              "parentUUID": "1fd487dd-2776-4a08-87f3-050343d6f558",
              "isHook": false,
              "skipped": false
            },
            {
              "title": "This is a sample test case 4",
              "fullTitle": "Test Suite: Cypress Baseline Framework 1 This is a sample test case 4",
              "timedOut": null,
              "duration": 851,
              "state": "passed",
              "speed": "fast",
              "pass": true,
              "fail": false,
              "pending": false,
              "context": null,
              "code": "//cy.visit('https://rahulshettyacademy.com/seleniumPractise/#/')\ncy.get('.search-keyword').type('Brocolli');\ncy.get('.search-button').click();\ncy.get(':nth-child(1) > .stepper-input > .increment').click();\ncy.get('.product-action > button').click();",
              "err": {},
              "uuid": "3dec6c1d-fa36-4ed7-8af3-923bd5189fe0",
              "parentUUID": "1fd487dd-2776-4a08-87f3-050343d6f558",
              "isHook": false,
              "skipped": false
            },
            {
              "title": "Validate product count",
              "fullTitle": "Test Suite: Cypress Baseline Framework 1 Validate product count",
              "timedOut": null,
              "duration": 2569,
              "state": "passed",
              "speed": "fast",
              "pass": true,
              "fail": false,
              "pending": false,
              "context": null,
              "code": "//cy.visit('https://rahulshettyacademy.com/seleniumPractise/#/')\ncy.get('.search-keyword').type('ca');\ncy.get('.search-button').click();\ncy.wait(2000);\ncy.get('.product:visible').should('have.length', 4);",
              "err": {},
              "uuid": "28ae9b21-0e41-466d-a29b-1c8252e7d634",
              "parentUUID": "1fd487dd-2776-4a08-87f3-050343d6f558",
              "isHook": false,
              "skipped": false
            },
            {
              "title": "Validate product count",
              "fullTitle": "Test Suite: Cypress Baseline Framework 1 Validate product count",
              "timedOut": null,
              "duration": 2763,
              "state": "passed",
              "speed": "fast",
              "pass": true,
              "fail": false,
              "pending": false,
              "context": null,
              "code": "//cy.visit('https://rahulshettyacademy.com/seleniumPractise/#/')\ncy.get('.search-keyword').type('ca');\ncy.get('.search-button').click();\ncy.wait(2000);\n//  cy.get('.product:visible').should('have.length',4)\ncy.get('.products').find('.product').should('have.length', 4);",
              "err": {},
              "uuid": "99027e20-1395-42b9-9ce0-20e50dd3ee2a",
              "parentUUID": "1fd487dd-2776-4a08-87f3-050343d6f558",
              "isHook": false,
              "skipped": false
            },
            {
              "title": "Click on Add to Cart",
              "fullTitle": "Test Suite: Cypress Baseline Framework 1 Click on Add to Cart",
              "timedOut": null,
              "duration": 3571,
              "state": "passed",
              "speed": "fast",
              "pass": true,
              "fail": false,
              "pending": false,
              "context": null,
              "code": "//cy.visit('https://rahulshettyacademy.com/seleniumPractise/#/')\ncy.get('.search-keyword').type('ca');\ncy.get('.search-button').click();\ncy.wait(2000);\n//  Use of cy.get and find functions\ncy.get('.products').find('.product').should('have.length', 4);\ncy.get('.products').find('.product').eq(0).contains('ADD TO CART').click();\ncy.get('.products').find('.product').eq(1).contains('ADD TO CART').click();\ncy.get('.products').find('.product').eq(2).contains('ADD TO CART').click();\ncy.get('.products').find('.product').eq(3).contains('ADD TO CART').click();",
              "err": {},
              "uuid": "6c599997-dcbd-422b-bd15-0719161ed81a",
              "parentUUID": "1fd487dd-2776-4a08-87f3-050343d6f558",
              "isHook": false,
              "skipped": false
            },
            {
              "title": "Add product to Cart",
              "fullTitle": "Test Suite: Cypress Baseline Framework 1 Add product to Cart",
              "timedOut": null,
              "duration": 3042,
              "state": "passed",
              "speed": "fast",
              "pass": true,
              "fail": false,
              "pending": false,
              "context": null,
              "code": "//cy.visit('https://rahulshettyacademy.com/seleniumPractise/#/')\ncy.get('.search-keyword').type('ca');\ncy.get('.search-button').click();\ncy.wait(2000);\n// Loop: for each Loop\ncy.get('.products').find('.product').each(($ele, index, $list) => {\n  const product_name = $ele.find('.product-name').text();\n  if (product_name.includes('Carrot')) {\n    cy.wrap($ele).find('button').click();\n    $ele.find('button').click();\n  }\n});",
              "err": {},
              "uuid": "2b349156-aecc-4b67-9c73-198695d0959c",
              "parentUUID": "1fd487dd-2776-4a08-87f3-050343d6f558",
              "isHook": false,
              "skipped": false
            },
            {
              "title": "Use of then keyword",
              "fullTitle": "Test Suite: Cypress Baseline Framework 1 Use of then keyword",
              "timedOut": null,
              "duration": 1192,
              "state": "passed",
              "speed": "fast",
              "pass": true,
              "fail": false,
              "pending": false,
              "context": null,
              "code": "//cy.visit('https://rahulshettyacademy.com/seleniumPractise/#/')\n/* const logo = cy.get('.brand')\nconst logoText = logo.text() */\ncy.get('.brand').then(function (eleLogo) {\n  const logoText = eleLogo.text();\n  cy.log(logoText);\n});\ncy.get('.brand').should('have.text', 'GREENKART');",
              "err": {},
              "uuid": "89f7248c-9a7b-4ebf-9e46-98c5a98369fc",
              "parentUUID": "1fd487dd-2776-4a08-87f3-050343d6f558",
              "isHook": false,
              "skipped": false
            },
            {
              "title": "Cypress alias",
              "fullTitle": "Test Suite: Cypress Baseline Framework 1 Cypress alias",
              "timedOut": null,
              "duration": 10146,
              "state": "passed",
              "speed": "slow",
              "pass": true,
              "fail": false,
              "pending": false,
              "context": null,
              "code": "cy.get('.search-keyword').as('searchBox');\ncy.get('@searchBox').type('Brocolli');\ncy.wait(2000);\ncy.get('@searchBox').clear();\ncy.get('@searchBox').type('Cauliflower');\ncy.wait(2000);\ncy.get('@searchBox').clear();\ncy.get('@searchBox').type('Beans');\ncy.wait(2000);\ncy.get('@searchBox').clear();\ncy.get('@searchBox').type('Pumpkin');\ncy.wait(2000);\ncy.get('@searchBox').clear();",
              "err": {},
              "uuid": "391f6fde-ea59-42fc-b900-47c3543f1f1f",
              "parentUUID": "1fd487dd-2776-4a08-87f3-050343d6f558",
              "isHook": false,
              "skipped": false
            },
            {
              "title": "Handle validations",
              "fullTitle": "Test Suite: Cypress Baseline Framework 1 Handle validations",
              "timedOut": null,
              "duration": 3513,
              "state": "passed",
              "speed": "fast",
              "pass": true,
              "fail": false,
              "pending": false,
              "context": null,
              "code": "// create alias for searchBox\ncy.get('.search-keyword').as('searchBox');\n// enter text in search box\ncy.get('@searchBox').type('Brocolli');\ncy.wait(2000);\n// click on add to cart button\ncy.get('.products').find('.product').eq(0).contains('ADD TO CART').click();\n// click on cart\ncy.get('.cart-icon > img').click();\n// click on proceed to checkout button\ncy.get('.cart-preview > .action-block > button').click();",
              "err": {},
              "uuid": "1121dc94-6a59-4ca2-b77c-63c5550e9bbf",
              "parentUUID": "1fd487dd-2776-4a08-87f3-050343d6f558",
              "isHook": false,
              "skipped": false
            }
          ],
          "suites": [],
          "passes": [
            "bdb83b5b-c945-484b-a6dd-df3b96746db7",
            "3f2b5e88-5c74-4a52-b981-ab2ba2b814cf",
            "750c9b00-4aa2-4aac-933f-1bb0c751d7eb",
            "3dec6c1d-fa36-4ed7-8af3-923bd5189fe0",
            "28ae9b21-0e41-466d-a29b-1c8252e7d634",
            "99027e20-1395-42b9-9ce0-20e50dd3ee2a",
            "6c599997-dcbd-422b-bd15-0719161ed81a",
            "2b349156-aecc-4b67-9c73-198695d0959c",
            "89f7248c-9a7b-4ebf-9e46-98c5a98369fc",
            "391f6fde-ea59-42fc-b900-47c3543f1f1f",
            "1121dc94-6a59-4ca2-b77c-63c5550e9bbf"
          ],
          "failures": [],
          "pending": [],
          "skipped": [],
          "duration": 29564,
          "root": false,
          "rootEmpty": false,
          "_timeout": 2000
        }
      ],
      "passes": [],
      "failures": [],
      "pending": [],
      "skipped": [],
      "duration": 0,
      "root": true,
      "rootEmpty": true,
      "_timeout": 2000
    }
  ],
  "meta": {
    "mocha": {
      "version": "7.0.1"
    },
    "mochawesome": {
      "options": {
        "quiet": false,
        "reportFilename": "mochawesome",
        "saveHtml": false,
        "saveJson": true,
        "consoleReporter": "spec",
        "useInlineDiffs": false,
        "code": true
      },
      "version": "7.1.3"
    },
    "marge": {
      "options": {
        "overwrite": false,
        "html": false,
        "json": true
      },
      "version": "6.2.0"
    }
  }
}